\BOOKMARK [1][-]{section.1}{\376\377\000I\000n\000t\000r\000o\000d\000u\000c\000t\000i\000o\000n}{}% 1
\BOOKMARK [1][-]{section.2}{\376\377\000T\000o\000o\000l\000b\000o\000x\000\040\000b\000a\000s\000i\000c\000\040\000s\000c\000h\000e\000m\000e}{}% 2
\BOOKMARK [1][-]{section.3}{\376\377\000T\000o\000o\000l\000b\000o\000x\000\040\000u\000s\000e}{}% 3
\BOOKMARK [2][-]{subsection.3.1}{\376\377\000G\000e\000t\000\040\000l\000i\000s\000t\000\040\000o\000f\000\040\000i\000m\000p\000l\000e\000m\000e\000n\000t\000e\000d\000\040\000a\000l\000g\000o\000r\000i\000t\000h\000m\000s}{section.3}% 4
\BOOKMARK [2][-]{subsection.3.2}{\376\377\000A\000p\000p\000l\000i\000c\000a\000t\000i\000o\000n\000\040\000o\000f\000\040\000a\000n\000\040\000a\000l\000g\000o\000r\000i\000t\000h\000m\000\040\000o\000n\000\040\000t\000h\000e\000\040\000d\000a\000t\000a}{section.3}% 5
\BOOKMARK [2][-]{subsection.3.3}{\376\377\000R\000u\000n\000n\000i\000n\000g\000\040\000a\000n\000\040\000e\000x\000a\000m\000p\000l\000e\000\040\000o\000f\000\040\000a\000l\000g\000o\000r\000i\000t\000h\000m\000\040\000u\000s\000e}{section.3}% 6
\BOOKMARK [2][-]{subsection.3.4}{\376\377\000R\000u\000n\000n\000i\000n\000g\000\040\000a\000\040\000t\000e\000s\000t\000\040\000o\000f\000\040\000a\000l\000g\000o\000r\000i\000t\000h\000m}{section.3}% 7
\BOOKMARK [2][-]{subsection.3.5}{\376\377\000A\000d\000d\000i\000n\000g\000\040\000o\000r\000\040\000r\000e\000m\000o\000v\000i\000n\000g\000\040\000a\000l\000g\000o\000r\000i\000t\000h\000m\000\040\000p\000a\000t\000h}{section.3}% 8
\BOOKMARK [1][-]{section.4}{\376\377\000A\000l\000g\000o\000r\000i\000t\000h\000m\000\040\000d\000i\000r\000e\000c\000t\000o\000r\000y\000\040\000s\000t\000r\000u\000c\000t\000u\000r\000e\000\040\000i\000m\000p\000l\000e\000m\000e\000n\000t\000a\000t\000i\000o\000n}{}% 9
\BOOKMARK [2][-]{subsection.4.1}{\376\377\000F\000i\000l\000e\000\040\000a\000l\000g\000\137\000i\000n\000f\000o\000.\000m}{section.4}% 10
\BOOKMARK [2][-]{subsection.4.2}{\376\377\000F\000i\000l\000e\000\040\000a\000l\000g\000\137\000w\000r\000a\000p\000p\000e\000r\000.\000m}{section.4}% 11
\BOOKMARK [2][-]{subsection.4.3}{\376\377\000F\000i\000l\000e\000\040\000a\000l\000g\000\137\000t\000e\000s\000t\000.\000m}{section.4}% 12
\BOOKMARK [2][-]{subsection.4.4}{\376\377\000F\000i\000l\000e\000\040\000a\000l\000g\000\137\000e\000x\000a\000m\000p\000l\000e\000.\000m}{section.4}% 13
\BOOKMARK [1][-]{section.5}{\376\377\000A\000l\000g\000o\000r\000i\000t\000h\000m\000\040\000i\000n\000f\000o\000r\000m\000a\000t\000i\000o\000n\000s\000\040\000s\000t\000r\000u\000c\000t\000u\000r\000e}{}% 14
\BOOKMARK [2][-]{subsection.5.1}{\376\377\000.\000i\000d}{section.5}% 15
\BOOKMARK [2][-]{subsection.5.2}{\376\377\000.\000l\000o\000n\000g\000n\000a\000m\000e}{section.5}% 16
\BOOKMARK [2][-]{subsection.5.3}{\376\377\000.\000d\000e\000s\000c}{section.5}% 17
\BOOKMARK [2][-]{subsection.5.4}{\376\377\000.\000c\000i\000t\000a\000t\000i\000o\000n}{section.5}% 18
\BOOKMARK [2][-]{subsection.5.5}{\376\377\000.\000r\000e\000m\000a\000r\000k\000s}{section.5}% 19
\BOOKMARK [2][-]{subsection.5.6}{\376\377\000.\000r\000e\000q\000u\000i\000r\000e\000s}{section.5}% 20
\BOOKMARK [2][-]{subsection.5.7}{\376\377\000.\000r\000e\000q\000d\000e\000s\000c}{section.5}% 21
\BOOKMARK [2][-]{subsection.5.8}{\376\377\000.\000r\000e\000t\000u\000r\000n\000s}{section.5}% 22
\BOOKMARK [2][-]{subsection.5.9}{\376\377\000.\000r\000e\000t\000d\000e\000s\000c}{section.5}% 23
\BOOKMARK [2][-]{subsection.5.10}{\376\377\000.\000p\000r\000o\000v\000i\000d\000e\000s\000G\000U\000F}{section.5}% 24
\BOOKMARK [2][-]{subsection.5.11}{\376\377\000.\000p\000r\000o\000v\000i\000d\000e\000s\000M\000C\000M}{section.5}% 25
\BOOKMARK [2][-]{subsection.5.12}{\376\377\000.\000f\000u\000l\000l\000p\000a\000t\000h}{section.5}% 26
\BOOKMARK [1][-]{section.6}{\376\377\000Q\000u\000a\000n\000t\000i\000t\000y\000\040\000s\000t\000r\000u\000c\000t\000u\000r\000e}{}% 27
\BOOKMARK [2][-]{subsection.6.1}{\376\377\000.\000v}{section.6}% 28
\BOOKMARK [2][-]{subsection.6.2}{\376\377\000.\000u}{section.6}% 29
\BOOKMARK [2][-]{subsection.6.3}{\376\377\000.\000d}{section.6}% 30
\BOOKMARK [2][-]{subsection.6.4}{\376\377\000.\000c}{section.6}% 31
\BOOKMARK [2][-]{subsection.6.5}{\376\377\000.\000r}{section.6}% 32
\BOOKMARK [2][-]{subsection.6.6}{\376\377\000Q\000u\000a\000n\000t\000i\000t\000y\000\040\000s\000t\000r\000u\000c\000t\000u\000r\000e\000\040\000e\000x\000a\000m\000p\000l\000e\000s}{section.6}% 33
\BOOKMARK [1][-]{section.7}{\376\377\000C\000a\000l\000c\000u\000l\000a\000t\000i\000o\000n\000\040\000s\000e\000t\000t\000i\000n\000g\000s\000\040\000s\000t\000r\000u\000c\000t\000u\000r\000e}{}% 34
\BOOKMARK [2][-]{subsection.7.1}{\376\377\000.\000s\000t\000r\000i\000c\000t}{section.7}% 35
\BOOKMARK [2][-]{subsection.7.2}{\376\377\000.\000v\000e\000r\000b\000o\000s\000e}{section.7}% 36
\BOOKMARK [2][-]{subsection.7.3}{\376\377\000.\000u\000n\000c}{section.7}% 37
\BOOKMARK [2][-]{subsection.7.4}{\376\377\000.\000c\000o\000r}{section.7}% 38
\BOOKMARK [2][-]{subsection.7.5}{\376\377\000.\000d\000o\000f}{section.7}% 39
\BOOKMARK [2][-]{subsection.7.6}{\376\377\000.\000m\000c\000m}{section.7}% 40
\BOOKMARK [1][-]{section.8}{\376\377\000B\000i\000l\000b\000i\000o\000g\000r\000a\000p\000h\000y}{}% 41
\BOOKMARK [1][-]{section.9}{\376\377\000Q\000u\000i\000c\000k\000\040\000r\000e\000f\000e\000r\000e\000n\000c\000e}{}% 42
